-------------------------------------------------------------------------------
Test set: de.awacademy.springbootwebblog.SpringBootWebblogApplicationTests
-------------------------------------------------------------------------------
Tests run: 1, Failures: 0, Errors: 1, Skipped: 0, Time elapsed: 6.291 s <<< FAILURE! - in de.awacademy.springbootwebblog.SpringBootWebblogApplicationTests
contextLoads  Time elapsed: 0.008 s  <<< ERROR!
java.lang.IllegalStateException: Failed to load ApplicationContext
Caused by: org.springframework.beans.factory.BeanCreationException: Error creating bean with name 'entityManagerFactory' defined in class path resource [org/springframework/boot/autoconfigure/orm/jpa/HibernateJpaConfiguration.class]: Invocation of init method failed; nested exception is javax.persistence.PersistenceException: [PersistenceUnit: default] Unable to build Hibernate SessionFactory; nested exception is java.lang.RuntimeException: Driver com.mysql.jdbc.Driver claims to not accept jdbcUrl, ${SPRING_BOOT_WEBBLOG_DB_URL}
Caused by: javax.persistence.PersistenceException: [PersistenceUnit: default] Unable to build Hibernate SessionFactory; nested exception is java.lang.RuntimeException: Driver com.mysql.jdbc.Driver claims to not accept jdbcUrl, ${SPRING_BOOT_WEBBLOG_DB_URL}
Caused by: java.lang.RuntimeException: Driver com.mysql.jdbc.Driver claims to not accept jdbcUrl, ${SPRING_BOOT_WEBBLOG_DB_URL}

